<?xml version="1.0" encoding="UTF-8"?>
<!-- Generated by org.testng.reporters.JUnitReportReporter -->
<testsuite hostname="Lenovo" failures="0" tests="1" name="TestCases.testselectable" time="127.205" errors="0" timestamp="01 Mar 2022 22:19:15 GMT" skipped="0">
  <testcase classname="TestCases.testselectable" name="selectable" time="127.205"/>
</testsuite> <!-- TestCases.testselectable -->
